# JRE version: Java(TM) SE Runtime Environment (21.0.9+7) (build 21.0.9+7-LTS-338)
# Java VM: Java HotSpot(TM) 64-Bit Server VM (21.0.9+7-LTS-338, mixed mode, sharing, tiered, compressed oops, compressed class ptrs, g1 gc, windows-amd64)
GC Precious Log:
 CardTable entry size: 512
 Card Set container configuration: InlinePtr #cards 5 size 8 Array Of Cards #cards 12 size 40 Howl #buckets 4 coarsen threshold 1843 Howl Bitmap #cards 512 size 80 coarsen threshold 460 Card regions per heap region 1 cards per card region 2048
 CPUs: 12 total, 12 available
 Memory: 16225M
 Large Page Support: Disabled
 NUMA Support: Disabled
 Compressed Oops: Enabled (32-bit)
 Heap Region Size: 1M
 Heap Min Capacity: 8M
 Heap Initial Capacity: 254M
 Heap Max Capacity: 512M
 Pre-touch: Disabled
 Parallel Workers: 10
 Concurrent Workers: 3
 Concurrent Refinement Workers: 10
 Periodic GC: Disabled
Heap:
 garbage-first heap   total 157696K, used 89183K [0x00000000e0000000, 0x0000000100000000)
  region size 1024K, 6 young (6144K), 6 survivors (6144K)
 Metaspace       used 80599K, committed 81344K, reserved 1179648K
  class space    used 10973K, committed 11328K, reserved 1048576K
GC Heap History (20 events):
Event: 4.361 GC heap after
{Heap after GC invocations=29 (full 0):
 garbage-first heap   total 71680K, used 44427K [0x00000000e0000000, 0x0000000100000000)
  region size 1024K, 3 young (3072K), 3 survivors (3072K)
 Metaspace       used 78479K, committed 79168K, reserved 1179648K
  class space    used 10682K, committed 11008K, reserved 1048576K
}
Event: 4.440 GC heap before
{Heap before GC invocations=30 (full 0):
 garbage-first heap   total 87040K, used 60811K [0x00000000e0000000, 0x0000000100000000)
  region size 1024K, 20 young (20480K), 3 survivors (3072K)
 Metaspace       used 79954K, committed 80640K, reserved 1179648K
  class space    used 10894K, committed 11200K, reserved 1048576K
}
Event: 4.442 GC heap after
{Heap after GC invocations=31 (full 0):
 garbage-first heap   total 87040K, used 44822K [0x00000000e0000000, 0x0000000100000000)
  region size 1024K, 2 young (2048K), 2 survivors (2048K)
 Metaspace       used 79954K, committed 80640K, reserved 1179648K
  class space    used 10894K, committed 11200K, reserved 1048576K
}
Event: 4.505 GC heap before
{Heap before GC invocations=31 (full 0):
 garbage-first heap   total 87040K, used 78614K [0x00000000e0000000, 0x0000000100000000)
  region size 1024K, 35 young (35840K), 2 survivors (2048K)
 Metaspace       used 80103K, committed 80832K, reserved 1179648K
  class space    used 10913K, committed 11264K, reserved 1048576K
}
Event: 4.506 GC heap after
{Heap after GC invocations=32 (full 0):
 garbage-first heap   total 87040K, used 45742K [0x00000000e0000000, 0x0000000100000000)
  region size 1024K, 3 young (3072K), 3 survivors (3072K)
 Metaspace       used 80103K, committed 80832K, reserved 1179648K
  class space    used 10913K, committed 11264K, reserved 1048576K
}
Event: 4.566 GC heap before
{Heap before GC invocations=32 (full 0):
 garbage-first heap   total 87040K, used 77486K [0x00000000e0000000, 0x0000000100000000)
  region size 1024K, 34 young (34816K), 3 survivors (3072K)
 Metaspace       used 80313K, committed 80960K, reserved 1179648K
  class space    used 10939K, committed 11264K, reserved 1048576K
}
Event: 4.567 GC heap after
{Heap after GC invocations=33 (full 0):
 garbage-first heap   total 87040K, used 46104K [0x00000000e0000000, 0x0000000100000000)
  region size 1024K, 3 young (3072K), 3 survivors (3072K)
 Metaspace       used 80313K, committed 80960K, reserved 1179648K
  class space    used 10939K, committed 11264K, reserved 1048576K
}
Event: 4.609 GC heap before
{Heap before GC invocations=34 (full 0):
 garbage-first heap   total 109568K, used 77848K [0x00000000e0000000, 0x0000000100000000)
  region size 1024K, 34 young (34816K), 3 survivors (3072K)
 Metaspace       used 80331K, committed 81024K, reserved 1179648K
  class space    used 10944K, committed 11264K, reserved 1048576K
}
Event: 4.612 GC heap after
{Heap after GC invocations=35 (full 0):
 garbage-first heap   total 109568K, used 49852K [0x00000000e0000000, 0x0000000100000000)
  region size 1024K, 5 young (5120K), 5 survivors (5120K)
 Metaspace       used 80331K, committed 81024K, reserved 1179648K
  class space    used 10944K, committed 11264K, reserved 1048576K
}
Event: 4.646 GC heap before
{Heap before GC invocations=35 (full 0):
 garbage-first heap   total 109568K, used 97980K [0x00000000e0000000, 0x0000000100000000)
  region size 1024K, 52 young (53248K), 5 survivors (5120K)
 Metaspace       used 80332K, committed 81024K, reserved 1179648K
  class space    used 10944K, committed 11264K, reserved 1048576K
}
Event: 4.652 GC heap after
{Heap after GC invocations=36 (full 0):
 garbage-first heap   total 118784K, used 63833K [0x00000000e0000000, 0x0000000100000000)
  region size 1024K, 7 young (7168K), 7 survivors (7168K)
 Metaspace       used 80332K, committed 81024K, reserved 1179648K
  class space    used 10944K, committed 11264K, reserved 1048576K
}
Event: 4.689 GC heap before
{Heap before GC invocations=36 (full 0):
 garbage-first heap   total 118784K, used 101721K [0x00000000e0000000, 0x0000000100000000)
  region size 1024K, 44 young (45056K), 7 survivors (7168K)
 Metaspace       used 80385K, committed 81088K, reserved 1179648K
  class space    used 10958K, committed 11264K, reserved 1048576K
}
Event: 4.693 GC heap after
{Heap after GC invocations=37 (full 0):
 garbage-first heap   total 118784K, used 70656K [0x00000000e0000000, 0x0000000100000000)
  region size 1024K, 6 young (6144K), 6 survivors (6144K)
 Metaspace       used 80385K, committed 81088K, reserved 1179648K
  class space    used 10958K, committed 11264K, reserved 1048576K
}
Event: 4.728 GC heap before
{Heap before GC invocations=37 (full 0):
 garbage-first heap   total 157696K, used 102400K [0x00000000e0000000, 0x0000000100000000)
  region size 1024K, 37 young (37888K), 6 survivors (6144K)
 Metaspace       used 80386K, committed 81088K, reserved 1179648K
  class space    used 10958K, committed 11264K, reserved 1048576K
}
Event: 4.732 GC heap after
{Heap after GC invocations=38 (full 0):
 garbage-first heap   total 157696K, used 81658K [0x00000000e0000000, 0x0000000100000000)
  region size 1024K, 5 young (5120K), 5 survivors (5120K)
 Metaspace       used 80386K, committed 81088K, reserved 1179648K
  class space    used 10958K, committed 11264K, reserved 1048576K
}
Event: 4.807 GC heap before
{Heap before GC invocations=39 (full 0):
 garbage-first heap   total 157696K, used 127738K [0x00000000e0000000, 0x0000000100000000)
  region size 1024K, 50 young (51200K), 5 survivors (5120K)
 Metaspace       used 80584K, committed 81344K, reserved 1179648K
  class space    used 10973K, committed 11328K, reserved 1048576K
}
Event: 4.810 GC heap after
{Heap after GC invocations=40 (full 0):
 garbage-first heap   total 157696K, used 89065K [0x00000000e0000000, 0x0000000100000000)
  region size 1024K, 6 young (6144K), 6 survivors (6144K)
 Metaspace       used 80584K, committed 81344K, reserved 1179648K
  class space    used 10973K, committed 11328K, reserved 1048576K
}
Event: 4.838 GC heap before
{Heap before GC invocations=40 (full 0):
 garbage-first heap   total 157696K, used 132073K [0x00000000e0000000, 0x0000000100000000)
  region size 1024K, 48 young (49152K), 6 survivors (6144K)
 Metaspace       used 80586K, committed 81344K, reserved 1179648K
  class space    used 10973K, committed 11328K, reserved 1048576K
}
Event: 4.840 GC heap after
{Heap after GC invocations=41 (full 0):
 garbage-first heap   total 157696K, used 87753K [0x00000000e0000000, 0x0000000100000000)
  region size 1024K, 4 young (4096K), 4 survivors (4096K)
 Metaspace       used 80586K, committed 81344K, reserved 1179648K
  class space    used 10973K, committed 11328K, reserved 1048576K
}
Event: 4.870 GC heap before
{Heap before GC invocations=41 (full 0):
 garbage-first heap   total 157696K, used 133833K [0x00000000e0000000, 0x0000000100000000)
  region size 1024K, 49 young (50176K), 4 survivors (4096K)
 Metaspace       used 80599K, committed 81344K, reserved 1179648K
  class space    used 10973K, committed 11328K, reserved 1048576K
}

